<?xml version="1.0" encoding="UTF-8"?>
<Site BuildName="(empty)"
	BuildStamp="20241213-0823-Experimental"
	Name="mustafay"
	Generator="ctest-3.28.3"
	CompilerName="/usr/bin/g++"
	CompilerVersion="13.2.0"
	OSName="Linux"
	Hostname="mustafay"
	OSRelease="6.8.0-50-generic"
	OSVersion="#51-Ubuntu SMP PREEMPT_DYNAMIC Sat Nov  9 17:58:29 UTC 2024"
	OSPlatform="x86_64"
	Is64Bits="1"
	VendorString="GenuineIntel"
	VendorID="Intel Corporation"
	FamilyID="6"
	ModelID="154"
	ProcessorCacheSize="24576"
	NumberOfLogicalCPU="20"
	NumberOfPhysicalCPU="14"
	TotalVirtualMemory="4095"
	TotalPhysicalMemory="15693"
	LogicalProcessorsPerPhysical="1"
	ProcessorClockFrequency="4070.16"
	>
	<Testing>
		<StartDateTime>Dec 13 11:23 +03</StartDateTime>
		<StartTestTime>1734078196</StartTestTime>
		<TestList/>
		<EndDateTime>Dec 13 11:23 +03</EndDateTime>
		<EndTestTime>1734078196</EndTestTime>
		<ElapsedMinutes>0</ElapsedMinutes>
	</Testing>
</Site>
